c:\users\joseph\dropbox\programming\c++\cs3370 c++ software development\assn2-pool\assn2-pool\debug\vc140.pdb
d:\programs\dropboxfiles\dropbox\programming\c++\cs3370 c++ software development\assn2-pool\assn2-pool\debug\vc140.pdb
d:\programs\dropboxfiles\dropbox\programming\c++\cs3370 c++ software development\assn2-pool\assn2-pool\debug\vc140.idb
d:\programs\dropboxfiles\dropbox\programming\c++\cs3370 c++ software development\assn2-pool\assn2-pool\debug\myobject.obj
d:\programs\dropboxfiles\dropbox\programming\c++\cs3370 c++ software development\assn2-pool\assn2-pool\debug\pool.obj
c:\users\joseph\dropbox\programming\c++\cs3370 c++ software development\assn2-pool\debug\assn2-pool.ilk
c:\users\joseph\dropbox\programming\c++\cs3370 c++ software development\assn2-pool\debug\assn2-pool.exe
c:\users\joseph\dropbox\programming\c++\cs3370 c++ software development\assn2-pool\debug\assn2-pool.pdb
d:\programs\dropboxfiles\dropbox\programming\c++\cs3370 c++ software development\assn2-pool\assn2-pool\debug\main.obj
d:\programs\dropboxfiles\dropbox\programming\c++\cs3370 c++ software development\assn2-pool\assn2-pool\debug\pool.obj.enc
d:\programs\dropboxfiles\dropbox\programming\c++\cs3370 c++ software development\assn2-pool\debug\assn2-pool.pdb
d:\programs\dropboxfiles\dropbox\programming\c++\cs3370 c++ software development\assn2-pool\assn2-pool\debug\assn2-pool.tlog\cl.command.1.tlog
d:\programs\dropboxfiles\dropbox\programming\c++\cs3370 c++ software development\assn2-pool\assn2-pool\debug\assn2-pool.tlog\cl.read.1.tlog
d:\programs\dropboxfiles\dropbox\programming\c++\cs3370 c++ software development\assn2-pool\assn2-pool\debug\assn2-pool.tlog\cl.write.1.tlog
d:\programs\dropboxfiles\dropbox\programming\c++\cs3370 c++ software development\assn2-pool\assn2-pool\debug\assn2-pool.tlog\link.332-cvtres.read.1.tlog
d:\programs\dropboxfiles\dropbox\programming\c++\cs3370 c++ software development\assn2-pool\assn2-pool\debug\assn2-pool.tlog\link.332-cvtres.write.1.tlog
d:\programs\dropboxfiles\dropbox\programming\c++\cs3370 c++ software development\assn2-pool\assn2-pool\debug\assn2-pool.tlog\link.332-rc.read.1.tlog
d:\programs\dropboxfiles\dropbox\programming\c++\cs3370 c++ software development\assn2-pool\assn2-pool\debug\assn2-pool.tlog\link.332-rc.write.1.tlog
d:\programs\dropboxfiles\dropbox\programming\c++\cs3370 c++ software development\assn2-pool\assn2-pool\debug\assn2-pool.tlog\link.332.read.1.tlog
d:\programs\dropboxfiles\dropbox\programming\c++\cs3370 c++ software development\assn2-pool\assn2-pool\debug\assn2-pool.tlog\link.332.write.1.tlog
d:\programs\dropboxfiles\dropbox\programming\c++\cs3370 c++ software development\assn2-pool\assn2-pool\debug\assn2-pool.tlog\link.command.1.tlog
d:\programs\dropboxfiles\dropbox\programming\c++\cs3370 c++ software development\assn2-pool\assn2-pool\debug\assn2-pool.tlog\link.read.1.tlog
d:\programs\dropboxfiles\dropbox\programming\c++\cs3370 c++ software development\assn2-pool\assn2-pool\debug\assn2-pool.tlog\link.write.1.tlog
